Rate limit reached. Sleeping for: 819
Rate limit reached. Sleeping for: 773
Rate limit reached. Sleeping for: 773
creating create_neighbours
seguidores'
user has 3 followers
seguidores'
user has 372 followers
seguidores'
user has 2307 followers
seguidores'
user has 8 followers
seguidores'
user has 15 followers
generating
5
1865894354
2307
1053306459897901056
3
95352888
372
2531361868
8
459711130
15

### next node ###
## edges list
2307
selected: 2769742522
adding 2769742522
seguidores'
user has 792 followers
generating
5
2769742522
792
1053306459897901056
3
95352888
372
2531361868
8
459711130
15

### next node ###
## edges list
372
selected: 3295170298
adding 3295170298
seguidores'
user has 43 followers
generating
5
2769742522
792
1053306459897901056
3
3295170298
43
2531361868
8
459711130
15

### next node ###
## edges list
792
selected: 373756854
adding 373756854
seguidores'
user has 10000 followers
generating
5
373756854
9999
1053306459897901056
3
3295170298
43
2531361868
8
459711130
15

### next node ###
## edges list
9999
selected: 701994169523433473
adding 701994169523433473
seguidores'
user has 30 followers
generating
5
701994169523433473
30
1053306459897901056
3
3295170298
43
2531361868
8
459711130
15

### next node ###
## edges list
30
selected: 709380779521019905
adding 709380779521019905
seguidores'
user has 1 followers
generating
5
709380779521019905
1
1053306459897901056
3
3295170298
43
2531361868
8
459711130
15

### next node ###
## edges list
43
selected: 3346701160
adding 3346701160
seguidores'
user has 769 followers
generating
5
709380779521019905
1
1053306459897901056
3
3346701160
769
2531361868
8
459711130
15

### next node ###
## edges list
769
selected: 2909684123
adding 2909684123
seguidores'
user has 201 followers
generating
5
709380779521019905
1
1053306459897901056
3
2909684123
200
2531361868
8
459711130
15

### next node ###
## edges list
200
selected: 229385617
adding 229385617
seguidores'
user has 10000 followers
generating
5
709380779521019905
1
1053306459897901056
3
229385617
10000
2531361868
8
459711130
15

### next node ###
## edges list
10000
selected: 885476747545899008
adding 885476747545899008
seguidores'
user has 18 followers
generating
5
709380779521019905
1
1053306459897901056
3
885476747545899008
18
2531361868
8
459711130
15

### next node ###
## edges list
18
selected: 2741078295
adding 2741078295
seguidores'
user has 3921 followers
generating
5
709380779521019905
1
1053306459897901056
3
2741078295
3919
2531361868
8
459711130
15

### next node ###
## edges list
3919
selected: 3020545325
adding 3020545325
seguidores'
user has 10000 followers
generating
5
709380779521019905
1
1053306459897901056
3
3020545325
10000
2531361868
8
459711130
15

### next node ###
## edges list
10000
selected: 3050112472
adding 3050112472
seguidores'
None
None
failed, user probably has protected account
3050112472
generating
5
709380779521019905
1
1053306459897901056
3
3050112472
0
2531361868
8
459711130
15

### next node ###
## edges list
8
selected: 38247323
adding 38247323
seguidores'
user has 10000 followers
generating
5
709380779521019905
1
1053306459897901056
3
3050112472
0
38247323
10000
459711130
15

### next node ###
## edges list
10000
selected: 959777759894605824
adding 959777759894605824
seguidores'
user has 1039 followers
generating
5
709380779521019905
1
1053306459897901056
3
3050112472
0
959777759894605824
1038
459711130
15

### next node ###
## edges list
1038
selected: 918548525864161280
adding 918548525864161280
seguidores'
user has 614 followers
generating
5
709380779521019905
1
1053306459897901056
3
3050112472
0
918548525864161280
613
459711130
15

### next node ###
## edges list
613
selected: 948849569470787585
adding 948849569470787585
seguidores'
user has 158 followers
generating
5
709380779521019905
1
1053306459897901056
3
3050112472
0
948849569470787585
157
459711130
15

### next node ###
## edges list
157
selected: 2893435149
adding 2893435149
seguidores'
user has 4798 followers
generating
5
709380779521019905
1
1053306459897901056
3
3050112472
0
2893435149
4795
459711130
15

### next node ###
## edges list
4795
selected: 3333019006
adding 3333019006
seguidores'
user has 387 followers
generating
5
709380779521019905
1
1053306459897901056
3
3050112472
0
3333019006
386
459711130
15

### next node ###
## edges list
386
selected: 333317834
adding 333317834
seguidores'
user has 71 followers
generating
5
709380779521019905
1
1053306459897901056
3
3050112472
0
333317834
70
459711130
15

### next node ###
## edges list
70
selected: 3503930783
adding 3503930783
seguidores'
user has 637 followers
generating
5
709380779521019905
1
1053306459897901056
3
3050112472
0
3503930783
635
459711130
15

### next node ###
## edges list
635
selected: 1321994467
adding 1321994467
seguidores'
user has 981 followers
generating
5
709380779521019905
1
1053306459897901056
3
3050112472
0
1321994467
978
459711130
15

### next node ###
## edges list
978
selected: 271003367
adding 271003367
seguidores'
user has 215 followers
generating
5
709380779521019905
1
1053306459897901056
3
3050112472
0
271003367
215
459711130
15

### next node ###
## edges list
215
selected: 2756507868
adding 2756507868
seguidores'
user has 214 followers
generating
5
709380779521019905
1
1053306459897901056
3
3050112472
0
2756507868
214
459711130
15

### next node ###
## edges list
214
selected: 245382560
adding 245382560
seguidores'
None
None
failed, user probably has protected account
245382560
generating
5
709380779521019905
1
1053306459897901056
3
3050112472
0
245382560
0
459711130
15

### next node ###
## edges list
15
selected: 710641106917179392
adding 710641106917179392
seguidores'
user has 1 followers
generating
5
709380779521019905
1
1053306459897901056
3
3050112472
0
245382560
0
710641106917179392
1

### next node ###
## edges list
1
selected: 177798428
adding 177798428
seguidores'
user has 3 followers
generating
5
177798428
3
1053306459897901056
3
3050112472
0
245382560
0
710641106917179392
1

### next node ###
## edges list
3
selected: 4026994384
adding 4026994384
seguidores'
user has 10000 followers
generating
5
177798428
3
4026994384
10000
3050112472
0
245382560
0
710641106917179392
1

### next node ###
## edges list
10000
selected: 1061577279363530753
adding 1061577279363530753
seguidores'
user has 19 followers
generating
5
177798428
3
1061577279363530753
18
3050112472
0
245382560
0
710641106917179392
1

### next node ###
## edges list
18
selected: 1014874936597458946
adding 1014874936597458946
seguidores'
user has 570 followers
generating
5
177798428
3
1014874936597458946
570
3050112472
0
245382560
0
710641106917179392
1

### next node ###
## edges list
570
selected: 750837763629576192
adding 750837763629576192
seguidores'
user has 82 followers
generating
5
177798428
3
750837763629576192
81
3050112472
0
245382560
0
710641106917179392
1

### next node ###
## edges list
81
selected: 1061389620359913473
adding 1061389620359913473
seguidores'
user has 44 followers
generating
5
177798428
3
1061389620359913473
43
3050112472
0
245382560
0
710641106917179392
1

### next node ###
## edges list
43
selected: 781832575169990656
adding 781832575169990656
seguidores'
user has 321 followers
generating
5
177798428
3
781832575169990656
320
3050112472
0
245382560
0
710641106917179392
1

### next node ###
## edges list
320
selected: 266690290
adding 266690290
seguidores'
user has 6289 followers
generating
5
177798428
3
266690290
6288
3050112472
0
245382560
0
710641106917179392
1

### next node ###
## edges list
6288
selected: 890049418061164544
adding 890049418061164544
seguidores'
user has 78 followers
generating
5
177798428
3
890049418061164544
77
3050112472
0
245382560
0
710641106917179392
1

### next node ###
## edges list
77
selected: 1334967986
adding 1334967986
seguidores'
user has 278 followers
generating
5
177798428
3
1334967986
276
3050112472
0
245382560
0
710641106917179392
1

### next node ###
## edges list
276
selected: 1032983180
adding 1032983180
seguidores'
user has 9735 followers
generating
5
177798428
3
1032983180
9735
3050112472
0
245382560
0
710641106917179392
1

### next node ###
## edges list
9735
selected: 2776844755
adding 2776844755
seguidores'
user has 10 followers
generating
5
177798428
3
2776844755
10
3050112472
0
245382560
0
710641106917179392Rate limit reached. Sleeping for: 822
Rate limit reached. Sleeping for: 722

1

### next node ###
## edges list
1
selected: 44902727
adding 44902727
seguidores'
user has 174 followers
generating
5
177798428
3
2776844755
10
3050112472
0
245382560
0
44902727
173

### next node ###
## edges list
10
selected: 2482173745
adding 2482173745
seguidores'
user has 1954 followers
generating
5
177798428
3
2482173745
1953
3050112472
0
245382560
0
44902727
173

### next node ###
## edges list
1953
selected: 2490638821
adding 2490638821
seguidores'
user has 111 followers
generating
5
177798428
3
2490638821
111
3050112472
0
245382560
0
44902727
173

### next node ###
## edges list
173
selected: 3035288836
adding 3035288836
seguidores'
user has 82 followers
generating
5
177798428
3
2490638821
111
3050112472
0
245382560
0
3035288836
82

### next node ###
## edges list
111
selected: 519714713
adding 519714713
seguidores'
user has 3757 followers
generating
5
177798428
3
519714713
3756
3050112472
0
245382560
0
3035288836
82

### next node ###
## edges list
3756
selected: 733551060
adding 733551060
seguidores'
None
None
failed, user probably has protected account
733551060
generating
5
177798428
3
733551060
0
3050112472
0
245382560
0
3035288836
82

### next node ###
## edges list
82
selected: 3294804124
adding 3294804124
seguidores'
user has 3 followers
generating
5
177798428
3
733551060
0
3050112472
0
245382560
0
3294804124
3

### next node ###
## edges list
3
selected: 263760981
adding 263760981
seguidores'
user has 10000 followers
generating
5
263760981
10000
733551060
0
3050112472
0
245382560
0
3294804124
3

### next node ###
## edges list
10000
selected: 717910665692856320
adding 717910665692856320
seguidores'
user has 91 followers
generating
5
717910665692856320
91
733551060
0
3050112472
0
245382560
0
3294804124
3

### next node ###
## edges list
91
selected: 953763787
adding 953763787
seguidores'
None
None
failed, user probably has protected account
953763787
generating
5
953763787
0
733551060
0
3050112472
0
245382560
0
3294804124
3

### next node ###
## edges list
3
selected: 2871096867
adding 2871096867
seguidores'
user has 432 followers
generating
5
953763787
0
733551060
0
3050112472
0
245382560
0
2871096867
430

### next node ###
## edges list
430
selected: 889292391257174017
adding 889292391257174017
seguidores'
user has 2024 followers
generating
5
953763787
0
733551060
0
3050112472
0
245382560
0
889292391257174017
2024

### next node ###
## edges list
2024
selected: 761248378785333248
adding 761248378785333248
seguidores'
user has 10000 followers
generating
5
953763787
0
733551060
0
3050112472
0
245382560
0
761248378785333248
10000

### next node ###
## edges list
10000
selected: 1035578797842751491
adding 1035578797842751491
seguidores'
user has 282 followers
generating
5
953763787
0
733551060
0
3050112472
0
245382560
0
1035578797842751491
281

### next node ###
## edges list
281
selected: 1732410392
adding 1732410392
seguidores'
user has 10000 followers
generating
5
953763787
0
733551060
0
3050112472
0
245382560
0
1732410392
9999

### next node ###
## edges list
9999
selected: 988352603250745345
adding 988352603250745345
seguidores'
user has 577 followers
generating
5
953763787
0
733551060
0
3050112472
0
245382560
0
988352603250745345
576

### next node ###
## edges list
576
selected: 756029276865040384
adding 756029276865040384
seguidores'
user has 10000 followers
generating
5
953763787
0
733551060
0
3050112472
0
245382560
0
756029276865040384
9999

### next node ###
## edges list
9999
selected: 997104467978915842
adding 997104467978915842
seguidores'
user has 2076 followers
generating
5
953763787
0
733551060
0
3050112472
0
245382560
0
997104467978915842
2075

### next node ###
## edges list
2075
selected: 903051301260537857
adding 903051301260537857
seguidores'
user has 2486 followers
generating
5
953763787
0
733551060
0
3050112472
0
245382560
0
903051301260537857
2485

### next node ###
## edges list
2485
selected: 1054390919997333504
adding 1054390919997333504
seguidores'
user has 50 followers
generating
5
953763787
0
733551060
0
3050112472
0
245382560
0
1054390919997333504
49

### next node ###
## edges list
49
selected: 1040672048899653632
adding 1040672048899653632
seguidores'
None
None
failed, user probably has protected account
1040672048899653632
generating
5
953763787
0
733551060
0
3050112472
0
245382560
0
1040672048899653632
0



[2769742522, 3295170298, 373756854, 701994169523433473, 709380779521019905, 3346701160, 2909684123, 229385617, 885476747545899008, 2741078295, 3020545325, 3050112472, 38247323, 959777759894605824, 918548525864161280, 948849569470787585, 2893435149, 3333019006, 333317834, 3503930783, 1321994467, 271003367, 2756507868, 245382560, 710641106917179392, 177798428, 4026994384, 1061577279363530753, 1014874936597458946, 750837763629576192, 1061389620359913473, 781832575169990656, 266690290, 890049418061164544, 1334967986, 1032983180, 2776844755, 44902727, 2482173745, 2490638821, 3035288836, 519714713, 733551060, 3294804124, 263760981, 717910665692856320, 953763787, 2871096867, 889292391257174017, 761248378785333248, 1035578797842751491, 1732410392, 988352603250745345, 756029276865040384, 997104467978915842, 903051301260537857, 1054390919997333504, 1040672048899653632]
